<?xml version="1.0" encoding="UTF-8"?>
<testng-results ignored="0" total="2" passed="2" failed="0" skipped="0">
  <reporter-output>
  </reporter-output>
  <suite started-at="2022-06-30T15:23:05 BDT" name="Default Suite" finished-at="2022-06-30T15:23:08 BDT" duration-ms="2639">
    <groups>
    </groups>
    <test started-at="2022-06-30T15:23:05 BDT" name="automationdemo" finished-at="2022-06-30T15:23:08 BDT" duration-ms="2639">
      <class name="logintestrun">
        <test-method is-config="true" signature="driver()[pri:0, instance:logintestrun@747edf66]" started-at="2022-06-30T15:22:59 BDT" name="driver" finished-at="2022-06-30T15:23:05 BDT" duration-ms="5838" status="PASS">
          <reporter-output>
          </reporter-output>
        </test-method> <!-- driver -->
        <test-method signature="verifylogin()[pri:0, instance:logintestrun@747edf66]" started-at="2022-06-30T15:23:05 BDT" name="verifylogin" finished-at="2022-06-30T15:23:06 BDT" duration-ms="1240" status="PASS">
          <reporter-output>
          </reporter-output>
        </test-method> <!-- verifylogin -->
        <test-method signature="loginrun()[pri:1, instance:logintestrun@747edf66]" started-at="2022-06-30T15:23:06 BDT" name="loginrun" finished-at="2022-06-30T15:23:08 BDT" duration-ms="1349" status="PASS">
          <reporter-output>
          </reporter-output>
        </test-method> <!-- loginrun -->
        <test-method is-config="true" signature="tearDown()[pri:0, instance:logintestrun@747edf66]" started-at="2022-06-30T15:23:08 BDT" name="tearDown" finished-at="2022-06-30T15:23:13 BDT" duration-ms="5171" status="PASS">
          <reporter-output>
          </reporter-output>
        </test-method> <!-- tearDown -->
      </class> <!-- logintestrun -->
    </test> <!-- automationdemo -->
  </suite> <!-- Default Suite -->
</testng-results>
